2022-10-10 13:49:51,503 INFO    StreamThr :87237 [internal.py:wandb_internal():88] W&B internal server running at pid: 87237, started at: 2022-10-10 13:49:51.500480
2022-10-10 13:49:51,507 DEBUG   HandlerThread:87237 [handler.py:handle_request():138] handle_request: status
2022-10-10 13:49:51,511 DEBUG   SenderThread:87237 [sender.py:send_request():317] send_request: status
2022-10-10 13:49:51,540 DEBUG   SenderThread:87237 [sender.py:send():303] send: header
2022-10-10 13:49:51,541 INFO    WriterThread:87237 [datastore.py:open_for_write():75] open: /Users/jarvis/Desktop/Project/Cervical fracture Detection/ipynbs/wandb/run-20221010_134951-32y5k00v/run-32y5k00v.wandb
2022-10-10 13:49:51,544 DEBUG   SenderThread:87237 [sender.py:send():303] send: run
2022-10-10 13:49:52,257 DEBUG   HandlerThread:87237 [handler.py:handle_request():138] handle_request: check_version
2022-10-10 13:49:52,263 INFO    SenderThread:87237 [dir_watcher.py:__init__():216] watching files in: /Users/jarvis/Desktop/Project/Cervical fracture Detection/ipynbs/wandb/run-20221010_134951-32y5k00v/files
2022-10-10 13:49:52,263 INFO    SenderThread:87237 [sender.py:_start_run_threads():928] run started: 32y5k00v with start time 1665389991.483688
2022-10-10 13:49:52,264 DEBUG   SenderThread:87237 [sender.py:send():303] send: summary
2022-10-10 13:49:52,264 INFO    SenderThread:87237 [sender.py:_save_file():1171] saving file wandb-summary.json with policy end
2022-10-10 13:49:52,265 DEBUG   SenderThread:87237 [sender.py:send_request():317] send_request: check_version
2022-10-10 13:49:52,434 DEBUG   HandlerThread:87237 [handler.py:handle_request():138] handle_request: run_start
2022-10-10 13:49:52,438 DEBUG   HandlerThread:87237 [meta.py:__init__():34] meta init
2022-10-10 13:49:52,438 DEBUG   HandlerThread:87237 [meta.py:__init__():49] meta init done
2022-10-10 13:49:52,438 DEBUG   HandlerThread:87237 [meta.py:probe():215] probe
2022-10-10 13:49:52,439 DEBUG   HandlerThread:87237 [git.py:repo():40] git repository is invalid
2022-10-10 13:49:52,439 DEBUG   HandlerThread:87237 [meta.py:_save_pip():53] save pip
2022-10-10 13:49:52,441 DEBUG   HandlerThread:87237 [meta.py:_save_pip():67] save pip done
2022-10-10 13:49:52,442 DEBUG   HandlerThread:87237 [meta.py:probe():253] probe done
2022-10-10 13:49:52,683 DEBUG   SenderThread:87237 [sender.py:send():303] send: files
2022-10-10 13:49:52,684 INFO    SenderThread:87237 [sender.py:_save_file():1171] saving file wandb-metadata.json with policy now
2022-10-10 13:49:52,719 DEBUG   HandlerThread:87237 [handler.py:handle_request():138] handle_request: stop_status
2022-10-10 13:49:52,720 DEBUG   SenderThread:87237 [sender.py:send_request():317] send_request: stop_status
2022-10-10 13:49:53,078 DEBUG   SenderThread:87237 [sender.py:send():303] send: telemetry
2022-10-10 13:49:53,266 INFO    Thread-13 :87237 [dir_watcher.py:_on_file_created():275] file/dir created: /Users/jarvis/Desktop/Project/Cervical fracture Detection/ipynbs/wandb/run-20221010_134951-32y5k00v/files/wandb-metadata.json
2022-10-10 13:49:53,267 INFO    Thread-13 :87237 [dir_watcher.py:_on_file_created():275] file/dir created: /Users/jarvis/Desktop/Project/Cervical fracture Detection/ipynbs/wandb/run-20221010_134951-32y5k00v/files/requirements.txt
2022-10-10 13:49:53,267 INFO    Thread-13 :87237 [dir_watcher.py:_on_file_created():275] file/dir created: /Users/jarvis/Desktop/Project/Cervical fracture Detection/ipynbs/wandb/run-20221010_134951-32y5k00v/files/wandb-summary.json
2022-10-10 13:49:53,763 INFO    Thread-17 :87237 [upload_job.py:push():143] Uploaded file /var/folders/bn/cz97mp6131q0xxdswtcw_9yr0000gn/T/tmprdsxtqttwandb/55libcwa-wandb-metadata.json
2022-10-10 13:49:59,303 INFO    Thread-13 :87237 [dir_watcher.py:_on_file_created():275] file/dir created: /Users/jarvis/Desktop/Project/Cervical fracture Detection/ipynbs/wandb/run-20221010_134951-32y5k00v/files/output.log
2022-10-10 13:50:01,294 INFO    Thread-13 :87237 [dir_watcher.py:_on_file_modified():292] file/dir modified: /Users/jarvis/Desktop/Project/Cervical fracture Detection/ipynbs/wandb/run-20221010_134951-32y5k00v/files/output.log
2022-10-10 13:50:08,203 DEBUG   HandlerThread:87237 [handler.py:handle_request():138] handle_request: stop_status
2022-10-10 13:50:08,205 DEBUG   SenderThread:87237 [sender.py:send_request():317] send_request: stop_status
2022-10-10 13:50:21,056 DEBUG   SenderThread:87237 [sender.py:send():303] send: stats
2022-10-10 13:50:23,391 INFO    Thread-13 :87237 [dir_watcher.py:_on_file_modified():292] file/dir modified: /Users/jarvis/Desktop/Project/Cervical fracture Detection/ipynbs/wandb/run-20221010_134951-32y5k00v/files/config.yaml
2022-10-10 13:50:23,555 DEBUG   HandlerThread:87237 [handler.py:handle_request():138] handle_request: stop_status
2022-10-10 13:50:23,555 DEBUG   SenderThread:87237 [sender.py:send_request():317] send_request: stop_status
2022-10-10 13:50:38,891 DEBUG   HandlerThread:87237 [handler.py:handle_request():138] handle_request: stop_status
2022-10-10 13:50:38,892 DEBUG   SenderThread:87237 [sender.py:send_request():317] send_request: stop_status
2022-10-10 13:50:51,820 DEBUG   SenderThread:87237 [sender.py:send():303] send: stats
2022-10-10 13:50:54,216 DEBUG   HandlerThread:87237 [handler.py:handle_request():138] handle_request: stop_status
2022-10-10 13:50:54,216 DEBUG   SenderThread:87237 [sender.py:send_request():317] send_request: stop_status
2022-10-10 13:51:09,605 DEBUG   HandlerThread:87237 [handler.py:handle_request():138] handle_request: stop_status
2022-10-10 13:51:09,606 DEBUG   SenderThread:87237 [sender.py:send_request():317] send_request: stop_status
2022-10-10 13:51:22,445 DEBUG   SenderThread:87237 [sender.py:send():303] send: stats
2022-10-10 13:51:24,949 DEBUG   HandlerThread:87237 [handler.py:handle_request():138] handle_request: stop_status
2022-10-10 13:51:24,949 DEBUG   SenderThread:87237 [sender.py:send_request():317] send_request: stop_status
2022-10-10 13:51:40,268 DEBUG   HandlerThread:87237 [handler.py:handle_request():138] handle_request: stop_status
2022-10-10 13:51:40,269 DEBUG   SenderThread:87237 [sender.py:send_request():317] send_request: stop_status
2022-10-10 13:51:53,121 DEBUG   SenderThread:87237 [sender.py:send():303] send: stats
2022-10-10 13:51:55,623 DEBUG   HandlerThread:87237 [handler.py:handle_request():138] handle_request: stop_status
2022-10-10 13:51:55,625 DEBUG   SenderThread:87237 [sender.py:send_request():317] send_request: stop_status
2022-10-10 13:52:10,969 DEBUG   HandlerThread:87237 [handler.py:handle_request():138] handle_request: stop_status
2022-10-10 13:52:10,971 DEBUG   SenderThread:87237 [sender.py:send_request():317] send_request: stop_status
2022-10-10 13:52:23,810 DEBUG   SenderThread:87237 [sender.py:send():303] send: stats
2022-10-10 13:52:26,536 DEBUG   HandlerThread:87237 [handler.py:handle_request():138] handle_request: stop_status
2022-10-10 13:52:26,537 DEBUG   SenderThread:87237 [sender.py:send_request():317] send_request: stop_status
2022-10-10 13:52:42,908 DEBUG   HandlerThread:87237 [handler.py:handle_request():138] handle_request: stop_status
2022-10-10 13:52:42,910 DEBUG   SenderThread:87237 [sender.py:send_request():317] send_request: stop_status
2022-10-10 13:52:54,533 DEBUG   SenderThread:87237 [sender.py:send():303] send: stats
2022-10-10 13:52:58,229 DEBUG   HandlerThread:87237 [handler.py:handle_request():138] handle_request: stop_status
2022-10-10 13:52:58,229 DEBUG   SenderThread:87237 [sender.py:send_request():317] send_request: stop_status
2022-10-10 13:53:13,587 DEBUG   HandlerThread:87237 [handler.py:handle_request():138] handle_request: stop_status
2022-10-10 13:53:13,589 DEBUG   SenderThread:87237 [sender.py:send_request():317] send_request: stop_status
2022-10-10 13:53:25,309 DEBUG   SenderThread:87237 [sender.py:send():303] send: stats
2022-10-10 13:53:28,950 DEBUG   HandlerThread:87237 [handler.py:handle_request():138] handle_request: stop_status
2022-10-10 13:53:28,950 DEBUG   SenderThread:87237 [sender.py:send_request():317] send_request: stop_status
2022-10-10 13:53:44,263 DEBUG   HandlerThread:87237 [handler.py:handle_request():138] handle_request: stop_status
2022-10-10 13:53:44,263 DEBUG   SenderThread:87237 [sender.py:send_request():317] send_request: stop_status
2022-10-10 13:53:56,147 DEBUG   SenderThread:87237 [sender.py:send():303] send: stats
2022-10-10 13:53:59,585 DEBUG   HandlerThread:87237 [handler.py:handle_request():138] handle_request: stop_status
2022-10-10 13:53:59,586 DEBUG   SenderThread:87237 [sender.py:send_request():317] send_request: stop_status
2022-10-10 13:54:14,928 DEBUG   HandlerThread:87237 [handler.py:handle_request():138] handle_request: stop_status
2022-10-10 13:54:14,929 DEBUG   SenderThread:87237 [sender.py:send_request():317] send_request: stop_status
2022-10-10 13:54:26,910 DEBUG   SenderThread:87237 [sender.py:send():303] send: stats
2022-10-10 13:54:30,274 DEBUG   HandlerThread:87237 [handler.py:handle_request():138] handle_request: stop_status
2022-10-10 13:54:30,275 DEBUG   SenderThread:87237 [sender.py:send_request():317] send_request: stop_status
2022-10-10 13:54:45,588 DEBUG   HandlerThread:87237 [handler.py:handle_request():138] handle_request: stop_status
2022-10-10 13:54:45,589 DEBUG   SenderThread:87237 [sender.py:send_request():317] send_request: stop_status
2022-10-10 13:54:57,701 DEBUG   SenderThread:87237 [sender.py:send():303] send: stats
2022-10-10 13:55:00,916 DEBUG   HandlerThread:87237 [handler.py:handle_request():138] handle_request: stop_status
2022-10-10 13:55:00,917 DEBUG   SenderThread:87237 [sender.py:send_request():317] send_request: stop_status
2022-10-10 13:55:16,473 DEBUG   HandlerThread:87237 [handler.py:handle_request():138] handle_request: stop_status
2022-10-10 13:55:16,474 DEBUG   SenderThread:87237 [sender.py:send_request():317] send_request: stop_status
2022-10-10 13:55:28,542 DEBUG   SenderThread:87237 [sender.py:send():303] send: stats
2022-10-10 13:55:31,814 DEBUG   HandlerThread:87237 [handler.py:handle_request():138] handle_request: stop_status
2022-10-10 13:55:31,814 DEBUG   SenderThread:87237 [sender.py:send_request():317] send_request: stop_status
2022-10-10 13:55:47,142 DEBUG   HandlerThread:87237 [handler.py:handle_request():138] handle_request: stop_status
2022-10-10 13:55:47,145 DEBUG   SenderThread:87237 [sender.py:send_request():317] send_request: stop_status
2022-10-10 13:55:59,380 DEBUG   SenderThread:87237 [sender.py:send():303] send: stats
2022-10-10 13:56:02,481 DEBUG   HandlerThread:87237 [handler.py:handle_request():138] handle_request: stop_status
2022-10-10 13:56:02,482 DEBUG   SenderThread:87237 [sender.py:send_request():317] send_request: stop_status
2022-10-10 13:56:18,416 DEBUG   HandlerThread:87237 [handler.py:handle_request():138] handle_request: stop_status
2022-10-10 13:56:18,418 DEBUG   SenderThread:87237 [sender.py:send_request():317] send_request: stop_status
2022-10-10 13:56:30,151 DEBUG   SenderThread:87237 [sender.py:send():303] send: stats
2022-10-10 13:56:33,754 DEBUG   HandlerThread:87237 [handler.py:handle_request():138] handle_request: stop_status
2022-10-10 13:56:33,754 DEBUG   SenderThread:87237 [sender.py:send_request():317] send_request: stop_status
2022-10-10 13:56:49,166 DEBUG   HandlerThread:87237 [handler.py:handle_request():138] handle_request: stop_status
2022-10-10 13:56:49,167 DEBUG   SenderThread:87237 [sender.py:send_request():317] send_request: stop_status
2022-10-10 13:57:00,843 DEBUG   SenderThread:87237 [sender.py:send():303] send: stats
2022-10-10 13:57:04,500 DEBUG   HandlerThread:87237 [handler.py:handle_request():138] handle_request: stop_status
2022-10-10 13:57:04,501 DEBUG   SenderThread:87237 [sender.py:send_request():317] send_request: stop_status
2022-10-10 13:57:19,840 DEBUG   HandlerThread:87237 [handler.py:handle_request():138] handle_request: stop_status
2022-10-10 13:57:19,843 DEBUG   SenderThread:87237 [sender.py:send_request():317] send_request: stop_status
2022-10-10 13:57:31,662 DEBUG   SenderThread:87237 [sender.py:send():303] send: stats
2022-10-10 13:57:35,199 DEBUG   HandlerThread:87237 [handler.py:handle_request():138] handle_request: stop_status
2022-10-10 13:57:35,199 DEBUG   SenderThread:87237 [sender.py:send_request():317] send_request: stop_status
2022-10-10 13:57:50,534 DEBUG   HandlerThread:87237 [handler.py:handle_request():138] handle_request: stop_status
2022-10-10 13:57:50,534 DEBUG   SenderThread:87237 [sender.py:send_request():317] send_request: stop_status
2022-10-10 13:58:02,401 DEBUG   SenderThread:87237 [sender.py:send():303] send: stats
2022-10-10 13:58:05,867 DEBUG   HandlerThread:87237 [handler.py:handle_request():138] handle_request: stop_status
2022-10-10 13:58:05,867 DEBUG   SenderThread:87237 [sender.py:send_request():317] send_request: stop_status
2022-10-10 13:58:21,186 DEBUG   HandlerThread:87237 [handler.py:handle_request():138] handle_request: stop_status
2022-10-10 13:58:21,187 DEBUG   SenderThread:87237 [sender.py:send_request():317] send_request: stop_status
2022-10-10 13:58:33,197 DEBUG   SenderThread:87237 [sender.py:send():303] send: stats
2022-10-10 13:58:36,513 DEBUG   HandlerThread:87237 [handler.py:handle_request():138] handle_request: stop_status
2022-10-10 13:58:36,513 DEBUG   SenderThread:87237 [sender.py:send_request():317] send_request: stop_status
2022-10-10 13:58:51,839 DEBUG   HandlerThread:87237 [handler.py:handle_request():138] handle_request: stop_status
2022-10-10 13:58:51,839 DEBUG   SenderThread:87237 [sender.py:send_request():317] send_request: stop_status
2022-10-10 13:59:03,991 DEBUG   SenderThread:87237 [sender.py:send():303] send: stats
2022-10-10 13:59:07,384 DEBUG   HandlerThread:87237 [handler.py:handle_request():138] handle_request: stop_status
2022-10-10 13:59:07,384 DEBUG   SenderThread:87237 [sender.py:send_request():317] send_request: stop_status
2022-10-10 13:59:22,708 DEBUG   HandlerThread:87237 [handler.py:handle_request():138] handle_request: stop_status
2022-10-10 13:59:22,708 DEBUG   SenderThread:87237 [sender.py:send_request():317] send_request: stop_status
2022-10-10 13:59:34,747 DEBUG   SenderThread:87237 [sender.py:send():303] send: stats
2022-10-10 13:59:38,066 DEBUG   HandlerThread:87237 [handler.py:handle_request():138] handle_request: stop_status
2022-10-10 13:59:38,066 DEBUG   SenderThread:87237 [sender.py:send_request():317] send_request: stop_status
2022-10-10 13:59:53,393 DEBUG   HandlerThread:87237 [handler.py:handle_request():138] handle_request: stop_status
2022-10-10 13:59:53,394 DEBUG   SenderThread:87237 [sender.py:send_request():317] send_request: stop_status
2022-10-10 14:00:05,575 DEBUG   SenderThread:87237 [sender.py:send():303] send: stats
2022-10-10 14:00:09,015 DEBUG   HandlerThread:87237 [handler.py:handle_request():138] handle_request: stop_status
2022-10-10 14:00:09,015 DEBUG   SenderThread:87237 [sender.py:send_request():317] send_request: stop_status
2022-10-10 14:00:24,358 DEBUG   HandlerThread:87237 [handler.py:handle_request():138] handle_request: stop_status
2022-10-10 14:00:24,360 DEBUG   SenderThread:87237 [sender.py:send_request():317] send_request: stop_status
2022-10-10 14:00:36,502 DEBUG   SenderThread:87237 [sender.py:send():303] send: stats
2022-10-10 14:00:39,764 DEBUG   HandlerThread:87237 [handler.py:handle_request():138] handle_request: stop_status
2022-10-10 14:00:39,764 DEBUG   SenderThread:87237 [sender.py:send_request():317] send_request: stop_status
2022-10-10 14:00:55,113 DEBUG   HandlerThread:87237 [handler.py:handle_request():138] handle_request: stop_status
2022-10-10 14:00:55,116 DEBUG   SenderThread:87237 [sender.py:send_request():317] send_request: stop_status
2022-10-10 14:01:07,336 DEBUG   SenderThread:87237 [sender.py:send():303] send: stats
2022-10-10 14:01:10,468 DEBUG   HandlerThread:87237 [handler.py:handle_request():138] handle_request: stop_status
2022-10-10 14:01:10,468 DEBUG   SenderThread:87237 [sender.py:send_request():317] send_request: stop_status
2022-10-10 14:01:25,809 DEBUG   HandlerThread:87237 [handler.py:handle_request():138] handle_request: stop_status
2022-10-10 14:01:25,810 DEBUG   SenderThread:87237 [sender.py:send_request():317] send_request: stop_status
2022-10-10 14:01:38,121 DEBUG   SenderThread:87237 [sender.py:send():303] send: stats
2022-10-10 14:01:41,490 DEBUG   HandlerThread:87237 [handler.py:handle_request():138] handle_request: stop_status
2022-10-10 14:01:41,490 DEBUG   SenderThread:87237 [sender.py:send_request():317] send_request: stop_status
2022-10-10 14:01:56,835 DEBUG   HandlerThread:87237 [handler.py:handle_request():138] handle_request: stop_status
2022-10-10 14:01:56,835 DEBUG   SenderThread:87237 [sender.py:send_request():317] send_request: stop_status
2022-10-10 14:02:08,927 DEBUG   SenderThread:87237 [sender.py:send():303] send: stats
2022-10-10 14:02:12,178 DEBUG   HandlerThread:87237 [handler.py:handle_request():138] handle_request: stop_status
2022-10-10 14:02:12,179 DEBUG   SenderThread:87237 [sender.py:send_request():317] send_request: stop_status
2022-10-10 14:02:27,517 DEBUG   HandlerThread:87237 [handler.py:handle_request():138] handle_request: stop_status
2022-10-10 14:02:27,518 DEBUG   SenderThread:87237 [sender.py:send_request():317] send_request: stop_status
2022-10-10 14:02:39,730 DEBUG   SenderThread:87237 [sender.py:send():303] send: stats
2022-10-10 14:02:42,850 DEBUG   HandlerThread:87237 [handler.py:handle_request():138] handle_request: stop_status
2022-10-10 14:02:42,850 DEBUG   SenderThread:87237 [sender.py:send_request():317] send_request: stop_status
2022-10-10 14:02:58,174 DEBUG   HandlerThread:87237 [handler.py:handle_request():138] handle_request: stop_status
2022-10-10 14:02:58,174 DEBUG   SenderThread:87237 [sender.py:send_request():317] send_request: stop_status
2022-10-10 14:03:10,509 DEBUG   SenderThread:87237 [sender.py:send():303] send: stats
2022-10-10 14:03:13,507 DEBUG   HandlerThread:87237 [handler.py:handle_request():138] handle_request: stop_status
2022-10-10 14:03:13,517 DEBUG   SenderThread:87237 [sender.py:send_request():317] send_request: stop_status
2022-10-10 14:03:28,851 DEBUG   HandlerThread:87237 [handler.py:handle_request():138] handle_request: stop_status
2022-10-10 14:03:28,852 DEBUG   SenderThread:87237 [sender.py:send_request():317] send_request: stop_status
2022-10-10 14:03:41,285 DEBUG   SenderThread:87237 [sender.py:send():303] send: stats
2022-10-10 14:03:44,180 DEBUG   HandlerThread:87237 [handler.py:handle_request():138] handle_request: stop_status
2022-10-10 14:03:44,180 DEBUG   SenderThread:87237 [sender.py:send_request():317] send_request: stop_status
2022-10-10 14:03:59,528 DEBUG   HandlerThread:87237 [handler.py:handle_request():138] handle_request: stop_status
2022-10-10 14:03:59,529 DEBUG   SenderThread:87237 [sender.py:send_request():317] send_request: stop_status
2022-10-10 14:04:11,925 DEBUG   SenderThread:87237 [sender.py:send():303] send: stats
2022-10-10 14:04:14,867 DEBUG   HandlerThread:87237 [handler.py:handle_request():138] handle_request: stop_status
2022-10-10 14:04:14,868 DEBUG   SenderThread:87237 [sender.py:send_request():317] send_request: stop_status
2022-10-10 14:04:30,216 DEBUG   HandlerThread:87237 [handler.py:handle_request():138] handle_request: stop_status
2022-10-10 14:04:30,217 DEBUG   SenderThread:87237 [sender.py:send_request():317] send_request: stop_status
2022-10-10 14:04:42,718 DEBUG   SenderThread:87237 [sender.py:send():303] send: stats
2022-10-10 14:04:45,565 DEBUG   HandlerThread:87237 [handler.py:handle_request():138] handle_request: stop_status
2022-10-10 14:04:45,566 DEBUG   SenderThread:87237 [sender.py:send_request():317] send_request: stop_status
2022-10-10 14:05:00,899 DEBUG   HandlerThread:87237 [handler.py:handle_request():138] handle_request: stop_status
2022-10-10 14:05:00,901 DEBUG   SenderThread:87237 [sender.py:send_request():317] send_request: stop_status
2022-10-10 14:05:13,479 DEBUG   SenderThread:87237 [sender.py:send():303] send: stats
2022-10-10 14:05:16,236 DEBUG   HandlerThread:87237 [handler.py:handle_request():138] handle_request: stop_status
2022-10-10 14:05:16,238 DEBUG   SenderThread:87237 [sender.py:send_request():317] send_request: stop_status
2022-10-10 14:05:31,591 DEBUG   HandlerThread:87237 [handler.py:handle_request():138] handle_request: stop_status
2022-10-10 14:05:31,591 DEBUG   SenderThread:87237 [sender.py:send_request():317] send_request: stop_status
2022-10-10 14:05:44,215 DEBUG   SenderThread:87237 [sender.py:send():303] send: stats
2022-10-10 14:05:46,920 DEBUG   HandlerThread:87237 [handler.py:handle_request():138] handle_request: stop_status
2022-10-10 14:05:46,920 DEBUG   SenderThread:87237 [sender.py:send_request():317] send_request: stop_status
2022-10-10 14:06:02,249 DEBUG   HandlerThread:87237 [handler.py:handle_request():138] handle_request: stop_status
2022-10-10 14:06:02,253 DEBUG   SenderThread:87237 [sender.py:send_request():317] send_request: stop_status
2022-10-10 14:06:15,104 DEBUG   SenderThread:87237 [sender.py:send():303] send: stats
2022-10-10 14:06:17,611 DEBUG   HandlerThread:87237 [handler.py:handle_request():138] handle_request: stop_status
2022-10-10 14:06:17,611 DEBUG   SenderThread:87237 [sender.py:send_request():317] send_request: stop_status
2022-10-10 14:06:32,929 DEBUG   HandlerThread:87237 [handler.py:handle_request():138] handle_request: stop_status
2022-10-10 14:06:32,929 DEBUG   SenderThread:87237 [sender.py:send_request():317] send_request: stop_status
2022-10-10 14:06:36,484 ERROR   SenderThread:87237 [retry.py:__call__():154] Retry attempt failed:
Traceback (most recent call last):
  File "/Library/Frameworks/Python.framework/Versions/3.8/lib/python3.8/site-packages/urllib3/connection.py", line 174, in _new_conn
    conn = connection.create_connection(
  File "/Library/Frameworks/Python.framework/Versions/3.8/lib/python3.8/site-packages/urllib3/util/connection.py", line 72, in create_connection
    for res in socket.getaddrinfo(host, port, family, socket.SOCK_STREAM):
  File "/Library/Frameworks/Python.framework/Versions/3.8/lib/python3.8/socket.py", line 918, in getaddrinfo
    for res in _socket.getaddrinfo(host, port, family, type, proto, flags):
socket.gaierror: [Errno 8] nodename nor servname provided, or not known

During handling of the above exception, another exception occurred:

Traceback (most recent call last):
  File "/Library/Frameworks/Python.framework/Versions/3.8/lib/python3.8/site-packages/urllib3/connectionpool.py", line 703, in urlopen
    httplib_response = self._make_request(
  File "/Library/Frameworks/Python.framework/Versions/3.8/lib/python3.8/site-packages/urllib3/connectionpool.py", line 386, in _make_request
    self._validate_conn(conn)
  File "/Library/Frameworks/Python.framework/Versions/3.8/lib/python3.8/site-packages/urllib3/connectionpool.py", line 1042, in _validate_conn
    conn.connect()
  File "/Library/Frameworks/Python.framework/Versions/3.8/lib/python3.8/site-packages/urllib3/connection.py", line 358, in connect
    self.sock = conn = self._new_conn()
  File "/Library/Frameworks/Python.framework/Versions/3.8/lib/python3.8/site-packages/urllib3/connection.py", line 186, in _new_conn
    raise NewConnectionError(
urllib3.exceptions.NewConnectionError: <urllib3.connection.HTTPSConnection object at 0x7fef58bd71c0>: Failed to establish a new connection: [Errno 8] nodename nor servname provided, or not known

During handling of the above exception, another exception occurred:

Traceback (most recent call last):
  File "/Library/Frameworks/Python.framework/Versions/3.8/lib/python3.8/site-packages/requests/adapters.py", line 439, in send
    resp = conn.urlopen(
  File "/Library/Frameworks/Python.framework/Versions/3.8/lib/python3.8/site-packages/urllib3/connectionpool.py", line 787, in urlopen
    retries = retries.increment(
  File "/Library/Frameworks/Python.framework/Versions/3.8/lib/python3.8/site-packages/urllib3/util/retry.py", line 592, in increment
    raise MaxRetryError(_pool, url, error or ResponseError(cause))
urllib3.exceptions.MaxRetryError: HTTPSConnectionPool(host='api.wandb.ai', port=443): Max retries exceeded with url: /graphql (Caused by NewConnectionError('<urllib3.connection.HTTPSConnection object at 0x7fef58bd71c0>: Failed to establish a new connection: [Errno 8] nodename nor servname provided, or not known'))

During handling of the above exception, another exception occurred:

Traceback (most recent call last):
  File "/Library/Frameworks/Python.framework/Versions/3.8/lib/python3.8/site-packages/wandb/sdk/lib/retry.py", line 113, in __call__
    result = self._call_fn(*args, **kwargs)
  File "/Library/Frameworks/Python.framework/Versions/3.8/lib/python3.8/site-packages/wandb/sdk/internal/internal_api.py", line 213, in execute
    return self.client.execute(*args, **kwargs)  # type: ignore
  File "/Library/Frameworks/Python.framework/Versions/3.8/lib/python3.8/site-packages/wandb/vendor/gql-0.2.0/wandb_gql/client.py", line 52, in execute
    result = self._get_result(document, *args, **kwargs)
  File "/Library/Frameworks/Python.framework/Versions/3.8/lib/python3.8/site-packages/wandb/vendor/gql-0.2.0/wandb_gql/client.py", line 60, in _get_result
    return self.transport.execute(document, *args, **kwargs)
  File "/Library/Frameworks/Python.framework/Versions/3.8/lib/python3.8/site-packages/wandb/vendor/gql-0.2.0/wandb_gql/transport/requests.py", line 38, in execute
    request = requests.post(self.url, **post_args)
  File "/Library/Frameworks/Python.framework/Versions/3.8/lib/python3.8/site-packages/requests/api.py", line 119, in post
    return request('post', url, data=data, json=json, **kwargs)
  File "/Library/Frameworks/Python.framework/Versions/3.8/lib/python3.8/site-packages/requests/api.py", line 61, in request
    return session.request(method=method, url=url, **kwargs)
  File "/Library/Frameworks/Python.framework/Versions/3.8/lib/python3.8/site-packages/requests/sessions.py", line 542, in request
    resp = self.send(prep, **send_kwargs)
  File "/Library/Frameworks/Python.framework/Versions/3.8/lib/python3.8/site-packages/requests/sessions.py", line 655, in send
    r = adapter.send(request, **kwargs)
  File "/Library/Frameworks/Python.framework/Versions/3.8/lib/python3.8/site-packages/requests/adapters.py", line 516, in send
    raise ConnectionError(e, request=request)
requests.exceptions.ConnectionError: HTTPSConnectionPool(host='api.wandb.ai', port=443): Max retries exceeded with url: /graphql (Caused by NewConnectionError('<urllib3.connection.HTTPSConnection object at 0x7fef58bd71c0>: Failed to establish a new connection: [Errno 8] nodename nor servname provided, or not known'))
2022-10-10 14:06:46,267 DEBUG   SenderThread:87237 [sender.py:send():303] send: stats
2022-10-10 14:06:52,976 DEBUG   HandlerThread:87237 [handler.py:handle_request():138] handle_request: stop_status
2022-10-10 14:06:52,980 DEBUG   SenderThread:87237 [sender.py:send_request():317] send_request: stop_status
2022-10-10 14:07:08,715 DEBUG   HandlerThread:87237 [handler.py:handle_request():138] handle_request: stop_status
2022-10-10 14:07:08,720 DEBUG   SenderThread:87237 [sender.py:send_request():317] send_request: stop_status
2022-10-10 14:07:17,122 DEBUG   SenderThread:87237 [sender.py:send():303] send: stats
2022-10-10 14:07:24,131 DEBUG   HandlerThread:87237 [handler.py:handle_request():138] handle_request: stop_status
2022-10-10 14:07:24,131 DEBUG   SenderThread:87237 [sender.py:send_request():317] send_request: stop_status
2022-10-10 14:07:39,492 DEBUG   HandlerThread:87237 [handler.py:handle_request():138] handle_request: stop_status
2022-10-10 14:07:39,493 DEBUG   SenderThread:87237 [sender.py:send_request():317] send_request: stop_status
2022-10-10 14:07:47,821 DEBUG   SenderThread:87237 [sender.py:send():303] send: stats
2022-10-10 14:07:54,826 DEBUG   HandlerThread:87237 [handler.py:handle_request():138] handle_request: stop_status
2022-10-10 14:07:54,827 DEBUG   SenderThread:87237 [sender.py:send_request():317] send_request: stop_status
2022-10-10 14:08:10,170 DEBUG   HandlerThread:87237 [handler.py:handle_request():138] handle_request: stop_status
2022-10-10 14:08:10,170 DEBUG   SenderThread:87237 [sender.py:send_request():317] send_request: stop_status
2022-10-10 14:08:18,629 DEBUG   SenderThread:87237 [sender.py:send():303] send: stats
2022-10-10 14:08:25,506 DEBUG   HandlerThread:87237 [handler.py:handle_request():138] handle_request: stop_status
2022-10-10 14:08:25,506 DEBUG   SenderThread:87237 [sender.py:send_request():317] send_request: stop_status
2022-10-10 14:08:40,854 DEBUG   HandlerThread:87237 [handler.py:handle_request():138] handle_request: stop_status
2022-10-10 14:08:40,855 DEBUG   SenderThread:87237 [sender.py:send_request():317] send_request: stop_status
2022-10-10 14:08:49,410 DEBUG   SenderThread:87237 [sender.py:send():303] send: stats
2022-10-10 14:08:56,176 DEBUG   HandlerThread:87237 [handler.py:handle_request():138] handle_request: stop_status
2022-10-10 14:08:56,176 DEBUG   SenderThread:87237 [sender.py:send_request():317] send_request: stop_status
2022-10-10 14:09:11,512 DEBUG   HandlerThread:87237 [handler.py:handle_request():138] handle_request: stop_status
2022-10-10 14:09:11,513 DEBUG   SenderThread:87237 [sender.py:send_request():317] send_request: stop_status
2022-10-10 14:09:20,305 DEBUG   SenderThread:87237 [sender.py:send():303] send: stats
2022-10-10 14:09:26,842 DEBUG   HandlerThread:87237 [handler.py:handle_request():138] handle_request: stop_status
2022-10-10 14:09:26,843 DEBUG   SenderThread:87237 [sender.py:send_request():317] send_request: stop_status
2022-10-10 14:09:42,172 DEBUG   HandlerThread:87237 [handler.py:handle_request():138] handle_request: stop_status
2022-10-10 14:09:42,172 DEBUG   SenderThread:87237 [sender.py:send_request():317] send_request: stop_status
2022-10-10 14:09:51,067 DEBUG   SenderThread:87237 [sender.py:send():303] send: stats
2022-10-10 14:09:57,502 DEBUG   HandlerThread:87237 [handler.py:handle_request():138] handle_request: stop_status
2022-10-10 14:09:57,503 DEBUG   SenderThread:87237 [sender.py:send_request():317] send_request: stop_status
2022-10-10 14:10:12,826 DEBUG   HandlerThread:87237 [handler.py:handle_request():138] handle_request: stop_status
2022-10-10 14:10:12,827 DEBUG   SenderThread:87237 [sender.py:send_request():317] send_request: stop_status
2022-10-10 14:10:21,791 DEBUG   SenderThread:87237 [sender.py:send():303] send: stats
2022-10-10 14:10:28,185 DEBUG   HandlerThread:87237 [handler.py:handle_request():138] handle_request: stop_status
2022-10-10 14:10:28,186 DEBUG   SenderThread:87237 [sender.py:send_request():317] send_request: stop_status
2022-10-10 14:10:43,549 DEBUG   HandlerThread:87237 [handler.py:handle_request():138] handle_request: stop_status
2022-10-10 14:10:43,550 DEBUG   SenderThread:87237 [sender.py:send_request():317] send_request: stop_status
2022-10-10 14:10:52,476 DEBUG   SenderThread:87237 [sender.py:send():303] send: stats
2022-10-10 14:10:58,860 DEBUG   HandlerThread:87237 [handler.py:handle_request():138] handle_request: stop_status
2022-10-10 14:10:58,860 DEBUG   SenderThread:87237 [sender.py:send_request():317] send_request: stop_status
2022-10-10 14:11:14,177 DEBUG   HandlerThread:87237 [handler.py:handle_request():138] handle_request: stop_status
2022-10-10 14:11:14,178 DEBUG   SenderThread:87237 [sender.py:send_request():317] send_request: stop_status
2022-10-10 14:11:23,196 DEBUG   SenderThread:87237 [sender.py:send():303] send: stats
2022-10-10 14:11:29,507 DEBUG   HandlerThread:87237 [handler.py:handle_request():138] handle_request: stop_status
2022-10-10 14:11:29,507 DEBUG   SenderThread:87237 [sender.py:send_request():317] send_request: stop_status
2022-10-10 14:11:44,837 DEBUG   HandlerThread:87237 [handler.py:handle_request():138] handle_request: stop_status
2022-10-10 14:11:44,838 DEBUG   SenderThread:87237 [sender.py:send_request():317] send_request: stop_status
2022-10-10 14:11:53,869 DEBUG   SenderThread:87237 [sender.py:send():303] send: stats
2022-10-10 14:12:00,174 DEBUG   HandlerThread:87237 [handler.py:handle_request():138] handle_request: stop_status
2022-10-10 14:12:00,175 DEBUG   SenderThread:87237 [sender.py:send_request():317] send_request: stop_status
2022-10-10 14:12:15,564 DEBUG   HandlerThread:87237 [handler.py:handle_request():138] handle_request: stop_status
2022-10-10 14:12:15,564 DEBUG   SenderThread:87237 [sender.py:send_request():317] send_request: stop_status
2022-10-10 14:12:24,577 DEBUG   SenderThread:87237 [sender.py:send():303] send: stats
2022-10-10 14:12:34,115 DEBUG   HandlerThread:87237 [handler.py:handle_request():138] handle_request: stop_status
2022-10-10 14:12:34,115 DEBUG   SenderThread:87237 [sender.py:send_request():317] send_request: stop_status
2022-10-10 14:12:49,433 DEBUG   HandlerThread:87237 [handler.py:handle_request():138] handle_request: stop_status
2022-10-10 14:12:49,433 DEBUG   SenderThread:87237 [sender.py:send_request():317] send_request: stop_status
2022-10-10 14:13:09,446 DEBUG   HandlerThread:87237 [handler.py:handle_request():138] handle_request: stop_status
2022-10-10 14:13:13,295 DEBUG   SenderThread:87237 [sender.py:send():303] send: stats
2022-10-10 14:13:13,296 DEBUG   SenderThread:87237 [sender.py:send_request():317] send_request: stop_status
2022-10-10 14:13:26,065 DEBUG   SenderThread:87237 [sender.py:send():303] send: stats
2022-10-10 14:13:28,610 DEBUG   HandlerThread:87237 [handler.py:handle_request():138] handle_request: stop_status
2022-10-10 14:13:28,610 DEBUG   SenderThread:87237 [sender.py:send_request():317] send_request: stop_status
2022-10-10 14:13:43,929 DEBUG   HandlerThread:87237 [handler.py:handle_request():138] handle_request: stop_status
2022-10-10 14:13:43,929 DEBUG   SenderThread:87237 [sender.py:send_request():317] send_request: stop_status
2022-10-10 14:13:56,759 DEBUG   SenderThread:87237 [sender.py:send():303] send: stats
2022-10-10 14:13:59,255 DEBUG   HandlerThread:87237 [handler.py:handle_request():138] handle_request: stop_status
2022-10-10 14:13:59,256 DEBUG   SenderThread:87237 [sender.py:send_request():317] send_request: stop_status
2022-10-10 14:14:14,598 DEBUG   HandlerThread:87237 [handler.py:handle_request():138] handle_request: stop_status
2022-10-10 14:14:14,599 DEBUG   SenderThread:87237 [sender.py:send_request():317] send_request: stop_status
2022-10-10 14:14:27,451 DEBUG   SenderThread:87237 [sender.py:send():303] send: stats
2022-10-10 14:14:29,929 DEBUG   HandlerThread:87237 [handler.py:handle_request():138] handle_request: stop_status
2022-10-10 14:14:29,929 DEBUG   SenderThread:87237 [sender.py:send_request():317] send_request: stop_status
2022-10-10 14:14:45,261 DEBUG   HandlerThread:87237 [handler.py:handle_request():138] handle_request: stop_status
2022-10-10 14:14:45,262 DEBUG   SenderThread:87237 [sender.py:send_request():317] send_request: stop_status
2022-10-10 14:14:58,174 DEBUG   SenderThread:87237 [sender.py:send():303] send: stats
2022-10-10 14:15:00,597 DEBUG   HandlerThread:87237 [handler.py:handle_request():138] handle_request: stop_status
2022-10-10 14:15:00,597 DEBUG   SenderThread:87237 [sender.py:send_request():317] send_request: stop_status
2022-10-10 14:15:16,244 DEBUG   HandlerThread:87237 [handler.py:handle_request():138] handle_request: stop_status
2022-10-10 14:15:16,245 DEBUG   SenderThread:87237 [sender.py:send_request():317] send_request: stop_status
2022-10-10 14:15:28,874 DEBUG   SenderThread:87237 [sender.py:send():303] send: stats
2022-10-10 14:15:31,577 DEBUG   HandlerThread:87237 [handler.py:handle_request():138] handle_request: stop_status
2022-10-10 14:15:31,578 DEBUG   SenderThread:87237 [sender.py:send_request():317] send_request: stop_status
2022-10-10 14:15:47,126 DEBUG   HandlerThread:87237 [handler.py:handle_request():138] handle_request: stop_status
2022-10-10 14:15:47,128 DEBUG   SenderThread:87237 [sender.py:send_request():317] send_request: stop_status
2022-10-10 14:15:59,751 DEBUG   SenderThread:87237 [sender.py:send():303] send: stats
2022-10-10 14:16:02,450 DEBUG   HandlerThread:87237 [handler.py:handle_request():138] handle_request: stop_status
2022-10-10 14:16:02,450 DEBUG   SenderThread:87237 [sender.py:send_request():317] send_request: stop_status
2022-10-10 14:16:17,787 DEBUG   HandlerThread:87237 [handler.py:handle_request():138] handle_request: stop_status
2022-10-10 14:16:17,788 DEBUG   SenderThread:87237 [sender.py:send_request():317] send_request: stop_status
2022-10-10 14:16:30,681 DEBUG   SenderThread:87237 [sender.py:send():303] send: stats
2022-10-10 14:16:33,135 DEBUG   HandlerThread:87237 [handler.py:handle_request():138] handle_request: stop_status
2022-10-10 14:16:33,135 DEBUG   SenderThread:87237 [sender.py:send_request():317] send_request: stop_status
2022-10-10 14:16:48,458 DEBUG   HandlerThread:87237 [handler.py:handle_request():138] handle_request: stop_status
2022-10-10 14:16:48,458 DEBUG   SenderThread:87237 [sender.py:send_request():317] send_request: stop_status
2022-10-10 14:17:01,591 DEBUG   SenderThread:87237 [sender.py:send():303] send: stats
2022-10-10 14:17:03,787 DEBUG   HandlerThread:87237 [handler.py:handle_request():138] handle_request: stop_status
2022-10-10 14:17:03,788 DEBUG   SenderThread:87237 [sender.py:send_request():317] send_request: stop_status
2022-10-10 14:17:19,173 DEBUG   HandlerThread:87237 [handler.py:handle_request():138] handle_request: stop_status
2022-10-10 14:17:19,180 DEBUG   SenderThread:87237 [sender.py:send_request():317] send_request: stop_status
2022-10-10 14:17:32,391 DEBUG   SenderThread:87237 [sender.py:send():303] send: stats
2022-10-10 14:17:34,577 DEBUG   HandlerThread:87237 [handler.py:handle_request():138] handle_request: stop_status
2022-10-10 14:17:34,579 DEBUG   SenderThread:87237 [sender.py:send_request():317] send_request: stop_status
2022-10-10 14:17:49,965 DEBUG   HandlerThread:87237 [handler.py:handle_request():138] handle_request: stop_status
2022-10-10 14:17:49,966 DEBUG   SenderThread:87237 [sender.py:send_request():317] send_request: stop_status
2022-10-10 14:18:03,228 DEBUG   SenderThread:87237 [sender.py:send():303] send: stats
2022-10-10 14:18:05,318 DEBUG   HandlerThread:87237 [handler.py:handle_request():138] handle_request: stop_status
2022-10-10 14:18:05,319 DEBUG   SenderThread:87237 [sender.py:send_request():317] send_request: stop_status
2022-10-10 14:18:20,651 DEBUG   HandlerThread:87237 [handler.py:handle_request():138] handle_request: stop_status
2022-10-10 14:18:20,651 DEBUG   SenderThread:87237 [sender.py:send_request():317] send_request: stop_status
2022-10-10 14:18:34,069 DEBUG   SenderThread:87237 [sender.py:send():303] send: stats
2022-10-10 14:18:35,987 DEBUG   HandlerThread:87237 [handler.py:handle_request():138] handle_request: stop_status
2022-10-10 14:18:35,988 DEBUG   SenderThread:87237 [sender.py:send_request():317] send_request: stop_status
2022-10-10 14:18:51,339 DEBUG   HandlerThread:87237 [handler.py:handle_request():138] handle_request: stop_status
2022-10-10 14:18:51,339 DEBUG   SenderThread:87237 [sender.py:send_request():317] send_request: stop_status
2022-10-10 14:19:04,911 DEBUG   SenderThread:87237 [sender.py:send():303] send: stats
2022-10-10 14:19:08,226 DEBUG   HandlerThread:87237 [handler.py:handle_request():138] handle_request: stop_status
2022-10-10 14:19:08,227 DEBUG   SenderThread:87237 [sender.py:send_request():317] send_request: stop_status
2022-10-10 14:19:23,551 DEBUG   HandlerThread:87237 [handler.py:handle_request():138] handle_request: stop_status
2022-10-10 14:19:23,551 DEBUG   SenderThread:87237 [sender.py:send_request():317] send_request: stop_status
2022-10-10 14:19:35,756 DEBUG   SenderThread:87237 [sender.py:send():303] send: stats
2022-10-10 14:19:38,899 DEBUG   HandlerThread:87237 [handler.py:handle_request():138] handle_request: stop_status
2022-10-10 14:19:38,900 DEBUG   SenderThread:87237 [sender.py:send_request():317] send_request: stop_status
2022-10-10 14:19:54,233 DEBUG   HandlerThread:87237 [handler.py:handle_request():138] handle_request: stop_status
2022-10-10 14:19:54,235 DEBUG   SenderThread:87237 [sender.py:send_request():317] send_request: stop_status
2022-10-10 14:20:06,622 DEBUG   SenderThread:87237 [sender.py:send():303] send: stats
2022-10-10 14:20:09,581 DEBUG   HandlerThread:87237 [handler.py:handle_request():138] handle_request: stop_status
2022-10-10 14:20:09,582 DEBUG   SenderThread:87237 [sender.py:send_request():317] send_request: stop_status
2022-10-10 14:20:27,055 DEBUG   HandlerThread:87237 [handler.py:handle_request():138] handle_request: stop_status
2022-10-10 14:20:27,057 DEBUG   SenderThread:87237 [sender.py:send_request():317] send_request: stop_status
2022-10-10 14:20:37,289 DEBUG   SenderThread:87237 [sender.py:send():303] send: stats
2022-10-10 14:20:42,385 DEBUG   HandlerThread:87237 [handler.py:handle_request():138] handle_request: stop_status
2022-10-10 14:20:42,385 DEBUG   SenderThread:87237 [sender.py:send_request():317] send_request: stop_status
2022-10-10 14:20:57,716 DEBUG   HandlerThread:87237 [handler.py:handle_request():138] handle_request: stop_status
2022-10-10 14:20:57,717 DEBUG   SenderThread:87237 [sender.py:send_request():317] send_request: stop_status
2022-10-10 14:21:07,985 DEBUG   SenderThread:87237 [sender.py:send():303] send: stats
2022-10-10 14:21:13,028 DEBUG   HandlerThread:87237 [handler.py:handle_request():138] handle_request: stop_status
2022-10-10 14:21:13,028 DEBUG   SenderThread:87237 [sender.py:send_request():317] send_request: stop_status
2022-10-10 14:21:28,350 DEBUG   HandlerThread:87237 [handler.py:handle_request():138] handle_request: stop_status
2022-10-10 14:21:28,350 DEBUG   SenderThread:87237 [sender.py:send_request():317] send_request: stop_status
2022-10-10 14:21:38,765 DEBUG   SenderThread:87237 [sender.py:send():303] send: stats
2022-10-10 14:21:43,670 DEBUG   HandlerThread:87237 [handler.py:handle_request():138] handle_request: stop_status
2022-10-10 14:21:43,671 DEBUG   SenderThread:87237 [sender.py:send_request():317] send_request: stop_status
2022-10-10 14:21:58,997 DEBUG   HandlerThread:87237 [handler.py:handle_request():138] handle_request: stop_status
2022-10-10 14:21:58,998 DEBUG   SenderThread:87237 [sender.py:send_request():317] send_request: stop_status
2022-10-10 14:22:09,675 DEBUG   SenderThread:87237 [sender.py:send():303] send: stats
2022-10-10 14:22:14,326 DEBUG   HandlerThread:87237 [handler.py:handle_request():138] handle_request: stop_status
2022-10-10 14:22:14,326 DEBUG   SenderThread:87237 [sender.py:send_request():317] send_request: stop_status
2022-10-10 14:22:29,637 DEBUG   HandlerThread:87237 [handler.py:handle_request():138] handle_request: stop_status
2022-10-10 14:22:29,637 DEBUG   SenderThread:87237 [sender.py:send_request():317] send_request: stop_status
2022-10-10 14:22:40,121 DEBUG   SenderThread:87237 [sender.py:send():303] send: stats
2022-10-10 14:22:45,180 DEBUG   HandlerThread:87237 [handler.py:handle_request():138] handle_request: stop_status
2022-10-10 14:22:45,181 DEBUG   SenderThread:87237 [sender.py:send_request():317] send_request: stop_status
2022-10-10 14:23:00,492 DEBUG   HandlerThread:87237 [handler.py:handle_request():138] handle_request: stop_status
2022-10-10 14:23:00,492 DEBUG   SenderThread:87237 [sender.py:send_request():317] send_request: stop_status
2022-10-10 14:23:10,730 DEBUG   SenderThread:87237 [sender.py:send():303] send: stats
2022-10-10 14:23:15,814 DEBUG   HandlerThread:87237 [handler.py:handle_request():138] handle_request: stop_status
2022-10-10 14:23:15,815 DEBUG   SenderThread:87237 [sender.py:send_request():317] send_request: stop_status
2022-10-10 14:23:31,163 DEBUG   HandlerThread:87237 [handler.py:handle_request():138] handle_request: stop_status
2022-10-10 14:23:31,164 DEBUG   SenderThread:87237 [sender.py:send_request():317] send_request: stop_status
2022-10-10 14:23:41,468 DEBUG   SenderThread:87237 [sender.py:send():303] send: stats
2022-10-10 14:23:46,487 DEBUG   HandlerThread:87237 [handler.py:handle_request():138] handle_request: stop_status
2022-10-10 14:23:46,493 DEBUG   SenderThread:87237 [sender.py:send_request():317] send_request: stop_status
2022-10-10 14:24:03,390 DEBUG   HandlerThread:87237 [handler.py:handle_request():138] handle_request: stop_status
2022-10-10 14:24:03,399 DEBUG   SenderThread:87237 [sender.py:send_request():317] send_request: stop_status
2022-10-10 14:24:16,138 DEBUG   SenderThread:87237 [sender.py:send():303] send: stats
2022-10-10 14:24:18,931 DEBUG   HandlerThread:87237 [handler.py:handle_request():138] handle_request: stop_status
2022-10-10 14:24:18,931 DEBUG   SenderThread:87237 [sender.py:send_request():317] send_request: stop_status
2022-10-10 14:24:34,308 DEBUG   HandlerThread:87237 [handler.py:handle_request():138] handle_request: stop_status
2022-10-10 14:24:34,314 DEBUG   SenderThread:87237 [sender.py:send_request():317] send_request: stop_status
2022-10-10 14:24:46,834 DEBUG   SenderThread:87237 [sender.py:send():303] send: stats
